{"C:\\Users\\ivano.iorio\\Documents\\jen\\src\\config.ts": {"path":"C:\\Users\\ivano.iorio\\Documents\\jen\\src\\config.ts","statementMap":{"0":{"start":{"line":11,"column":19},"end":{"line":11,"column":49}},"1":{"start":{"line":12,"column":18},"end":{"line":12,"column":37}},"2":{"start":{"line":13,"column":20},"end":{"line":13,"column":44}},"3":{"start":{"line":18,"column":2},"end":{"line":21,"column":null}},"4":{"start":{"line":25,"column":2},"end":{"line":31,"column":null}},"5":{"start":{"line":28,"column":4},"end":{"line":28,"column":null}},"6":{"start":{"line":29,"column":4},"end":{"line":29,"column":null}},"7":{"start":{"line":35,"column":16},"end":{"line":35,"column":34}},"8":{"start":{"line":39,"column":1},"end":{"line":103,"column":null}},"9":{"start":{"line":44,"column":4},"end":{"line":46,"column":5}},"10":{"start":{"line":45,"column":5},"end":{"line":45,"column":null}}},"fnMap":{"0":{"name":"(anonymous_0)","decl":{"start":{"line":17,"column":1},"end":{"line":17,"column":5}},"loc":{"start":{"line":17,"column":17},"end":{"line":22,"column":2}}},"1":{"name":"(anonymous_1)","decl":{"start":{"line":24,"column":1},"end":{"line":24,"column":5}},"loc":{"start":{"line":24,"column":19},"end":{"line":32,"column":2}}},"2":{"name":"(anonymous_2)","decl":{"start":{"line":27,"column":17},"end":{"line":27,"column":18}},"loc":{"start":{"line":27,"column":29},"end":{"line":30,"column":4}}},"3":{"name":"buildNodeConfig","decl":{"start":{"line":37,"column":9},"end":{"line":37,"column":24}},"loc":{"start":{"line":37,"column":24},"end":{"line":104,"column":1}}},"4":{"name":"(anonymous_4)","decl":{"start":{"line":43,"column":10},"end":{"line":43,"column":11}},"loc":{"start":{"line":43,"column":18},"end":{"line":47,"column":4}}}},"branchMap":{"0":{"loc":{"start":{"line":13,"column":20},"end":{"line":13,"column":44}},"type":"binary-expr","locations":[{"start":{"line":13,"column":20},"end":{"line":13,"column":36}},{"start":{"line":13,"column":40},"end":{"line":13,"column":44}}]},"1":{"loc":{"start":{"line":44,"column":4},"end":{"line":46,"column":5}},"type":"if","locations":[{"start":{"line":44,"column":4},"end":{"line":46,"column":5}}]}},"s":{"0":1,"1":1,"2":1,"3":1,"4":0,"5":0,"6":0,"7":1,"8":1,"9":36,"10":0},"f":{"0":1,"1":0,"2":0,"3":1,"4":36},"b":{"0":[1,1],"1":[0]}}
,"C:\\Users\\ivano.iorio\\Documents\\jen\\src\\utils.ts": {"path":"C:\\Users\\ivano.iorio\\Documents\\jen\\src\\utils.ts","statementMap":{"0":{"start":{"line":3,"column":0},"end":{"line":3,"column":null}},"1":{"start":{"line":4,"column":1},"end":{"line":4,"column":null}},"2":{"start":{"line":5,"column":1},"end":{"line":5,"column":null}},"3":{"start":{"line":6,"column":1},"end":{"line":6,"column":null}}},"fnMap":{"0":{"name":"(anonymous_0)","decl":{"start":{"line":3,"column":0},"end":{"line":3,"column":6}},"loc":{"start":{"line":3,"column":20},"end":{"line":7,"column":1}}}},"branchMap":{"0":{"loc":{"start":{"line":3,"column":12},"end":{"line":3,"column":null}},"type":"binary-expr","locations":[{"start":{"line":3,"column":12},"end":{"line":3,"column":20}},{"start":{"line":3,"column":12},"end":{"line":3,"column":null}}]}},"s":{"0":1,"1":1,"2":1,"3":1},"f":{"0":1},"b":{"0":[1,1]}}
,"C:\\Users\\ivano.iorio\\Documents\\jen\\src\\repository\\Agent.ts": {"path":"C:\\Users\\ivano.iorio\\Documents\\jen\\src\\repository\\Agent.ts","statementMap":{"0":{"start":{"line":7,"column":7},"end":{"line":42,"column":null}},"1":{"start":{"line":11,"column":1},"end":{"line":11,"column":null}},"2":{"start":{"line":15,"column":1},"end":{"line":15,"column":null}},"3":{"start":{"line":19,"column":1},"end":{"line":19,"column":null}},"4":{"start":{"line":23,"column":1},"end":{"line":23,"column":null}},"5":{"start":{"line":27,"column":1},"end":{"line":27,"column":null}},"6":{"start":{"line":30,"column":1},"end":{"line":30,"column":null}},"7":{"start":{"line":33,"column":1},"end":{"line":33,"column":null}},"8":{"start":{"line":36,"column":1},"end":{"line":36,"column":null}},"9":{"start":{"line":35,"column":18},"end":{"line":35,"column":23}},"10":{"start":{"line":35,"column":33},"end":{"line":35,"column":44}},"11":{"start":{"line":40,"column":4},"end":{"line":40,"column":29}},"12":{"start":{"line":38,"column":19},"end":{"line":38,"column":23}},"13":{"start":{"line":38,"column":33},"end":{"line":38,"column":44}},"14":{"start":{"line":7,"column":13},"end":{"line":42,"column":null}}},"fnMap":{"0":{"name":"(anonymous_2)","decl":{"start":{"line":35,"column":12},"end":{"line":35,"column":15}},"loc":{"start":{"line":35,"column":18},"end":{"line":35,"column":23}}},"1":{"name":"(anonymous_3)","decl":{"start":{"line":35,"column":25},"end":{"line":35,"column":29}},"loc":{"start":{"line":35,"column":33},"end":{"line":35,"column":44}}},"2":{"name":"(anonymous_4)","decl":{"start":{"line":38,"column":13},"end":{"line":38,"column":16}},"loc":{"start":{"line":38,"column":19},"end":{"line":38,"column":23}}},"3":{"name":"(anonymous_5)","decl":{"start":{"line":38,"column":25},"end":{"line":38,"column":29}},"loc":{"start":{"line":38,"column":33},"end":{"line":38,"column":44}}}},"branchMap":{},"s":{"0":1,"1":1,"2":1,"3":1,"4":1,"5":1,"6":1,"7":1,"8":1,"9":1,"10":1,"11":1,"12":1,"13":1,"14":1},"f":{"0":1,"1":1,"2":1,"3":1},"b":{}}
,"C:\\Users\\ivano.iorio\\Documents\\jen\\src\\repository\\Tool.ts": {"path":"C:\\Users\\ivano.iorio\\Documents\\jen\\src\\repository\\Tool.ts","statementMap":{"0":{"start":{"line":7,"column":7},"end":{"line":27,"column":null}},"1":{"start":{"line":9,"column":1},"end":{"line":9,"column":null}},"2":{"start":{"line":12,"column":1},"end":{"line":12,"column":null}},"3":{"start":{"line":16,"column":1},"end":{"line":16,"column":null}},"4":{"start":{"line":19,"column":4},"end":{"line":19,"column":null}},"5":{"start":{"line":22,"column":1},"end":{"line":22,"column":null}},"6":{"start":{"line":26,"column":4},"end":{"line":26,"column":null}},"7":{"start":{"line":25,"column":22},"end":{"line":25,"column":27}},"8":{"start":{"line":25,"column":38},"end":{"line":25,"column":49}},"9":{"start":{"line":7,"column":13},"end":{"line":27,"column":null}}},"fnMap":{"0":{"name":"(anonymous_2)","decl":{"start":{"line":25,"column":16},"end":{"line":25,"column":19}},"loc":{"start":{"line":25,"column":22},"end":{"line":25,"column":27}}},"1":{"name":"(anonymous_3)","decl":{"start":{"line":25,"column":29},"end":{"line":25,"column":34}},"loc":{"start":{"line":25,"column":38},"end":{"line":25,"column":49}}}},"branchMap":{},"s":{"0":1,"1":1,"2":1,"3":1,"4":1,"5":1,"6":1,"7":1,"8":1,"9":1},"f":{"0":1,"1":1},"b":{}}
,"C:\\Users\\ivano.iorio\\Documents\\jen\\src\\repository\\dbConfig.ts": {"path":"C:\\Users\\ivano.iorio\\Documents\\jen\\src\\repository\\dbConfig.ts","statementMap":{"0":{"start":{"line":8,"column":16},"end":{"line":8,"column":46}},"1":{"start":{"line":9,"column":0},"end":{"line":9,"column":33}},"2":{"start":{"line":11,"column":19},"end":{"line":11,"column":49}},"3":{"start":{"line":12,"column":18},"end":{"line":12,"column":37}},"4":{"start":{"line":16,"column":37},"end":{"line":52,"column":1}},"5":{"start":{"line":19,"column":1},"end":{"line":39,"column":2}},"6":{"start":{"line":21,"column":15},"end":{"line":21,"column":62}},"7":{"start":{"line":23,"column":2},"end":{"line":31,"column":3}},"8":{"start":{"line":24,"column":3},"end":{"line":24,"column":null}},"9":{"start":{"line":24,"column":16},"end":{"line":24,"column":null}},"10":{"start":{"line":25,"column":3},"end":{"line":26,"column":31}},"11":{"start":{"line":25,"column":9},"end":{"line":25,"column":58}},"12":{"start":{"line":25,"column":36},"end":{"line":25,"column":58}},"13":{"start":{"line":26,"column":15},"end":{"line":26,"column":30}},"14":{"start":{"line":27,"column":9},"end":{"line":31,"column":3}},"15":{"start":{"line":28,"column":3},"end":{"line":28,"column":null}},"16":{"start":{"line":30,"column":3},"end":{"line":30,"column":null}},"17":{"start":{"line":33,"column":2},"end":{"line":38,"column":null}},"18":{"start":{"line":42,"column":1},"end":{"line":51,"column":null}}},"fnMap":{"0":{"name":"(anonymous_0)","decl":{"start":{"line":16,"column":37},"end":{"line":16,"column":40}},"loc":{"start":{"line":16,"column":42},"end":{"line":52,"column":1}}}},"branchMap":{"0":{"loc":{"start":{"line":19,"column":1},"end":{"line":39,"column":2}},"type":"if","locations":[{"start":{"line":19,"column":1},"end":{"line":39,"column":2}}]},"1":{"loc":{"start":{"line":23,"column":2},"end":{"line":31,"column":3}},"type":"if","locations":[{"start":{"line":23,"column":2},"end":{"line":31,"column":3}},{"start":{"line":27,"column":9},"end":{"line":31,"column":3}}]},"2":{"loc":{"start":{"line":24,"column":3},"end":{"line":24,"column":null}},"type":"if","locations":[{"start":{"line":24,"column":3},"end":{"line":24,"column":null}}]},"3":{"loc":{"start":{"line":25,"column":9},"end":{"line":25,"column":58}},"type":"if","locations":[{"start":{"line":25,"column":9},"end":{"line":25,"column":58}}]},"4":{"loc":{"start":{"line":27,"column":9},"end":{"line":31,"column":3}},"type":"if","locations":[{"start":{"line":27,"column":9},"end":{"line":31,"column":3}},{"start":{"line":29,"column":9},"end":{"line":31,"column":3}}]}},"s":{"0":1,"1":1,"2":1,"3":1,"4":1,"5":1,"6":1,"7":1,"8":1,"9":1,"10":1,"11":1,"12":1,"13":0,"14":0,"15":0,"16":0,"17":1,"18":0},"f":{"0":1},"b":{"0":[1],"1":[1,0],"2":[1],"3":[1],"4":[0,0]}}
,"C:\\Users\\ivano.iorio\\Documents\\jen\\src\\routers\\AgentRoute.ts": {"path":"C:\\Users\\ivano.iorio\\Documents\\jen\\src\\routers\\AgentRoute.ts","statementMap":{"0":{"start":{"line":10,"column":2},"end":{"line":21,"column":null}},"1":{"start":{"line":25,"column":17},"end":{"line":27,"column":4}},"2":{"start":{"line":28,"column":2},"end":{"line":28,"column":null}},"3":{"start":{"line":32,"column":13},"end":{"line":32,"column":29}},"4":{"start":{"line":33,"column":23},"end":{"line":36,"column":4}},"5":{"start":{"line":37,"column":2},"end":{"line":37,"column":null}},"6":{"start":{"line":42,"column":16},"end":{"line":42,"column":42}},"7":{"start":{"line":43,"column":25},"end":{"line":46,"column":4}},"8":{"start":{"line":47,"column":2},"end":{"line":47,"column":null}},"9":{"start":{"line":51,"column":13},"end":{"line":51,"column":29}},"10":{"start":{"line":52,"column":2},"end":{"line":55,"column":null}},"11":{"start":{"line":56,"column":2},"end":{"line":56,"column":null}},"12":{"start":{"line":86,"column":2},"end":{"line":86,"column":null}}},"fnMap":{"0":{"name":"(anonymous_0)","decl":{"start":{"line":9,"column":1},"end":{"line":9,"column":5}},"loc":{"start":{"line":9,"column":17},"end":{"line":22,"column":2}}},"1":{"name":"(anonymous_1)","decl":{"start":{"line":24,"column":1},"end":{"line":24,"column":6}},"loc":{"start":{"line":24,"column":41},"end":{"line":29,"column":2}}},"2":{"name":"(anonymous_2)","decl":{"start":{"line":31,"column":1},"end":{"line":31,"column":6}},"loc":{"start":{"line":31,"column":42},"end":{"line":38,"column":2}}},"3":{"name":"(anonymous_3)","decl":{"start":{"line":41,"column":1},"end":{"line":41,"column":6}},"loc":{"start":{"line":41,"column":41},"end":{"line":48,"column":2}}},"4":{"name":"(anonymous_4)","decl":{"start":{"line":50,"column":1},"end":{"line":50,"column":6}},"loc":{"start":{"line":50,"column":41},"end":{"line":57,"column":2}}},"5":{"name":"(anonymous_5)","decl":{"start":{"line":62,"column":1},"end":{"line":62,"column":6}},"loc":{"start":{"line":62,"column":41},"end":{"line":87,"column":2}}}},"branchMap":{},"s":{"0":1,"1":0,"2":0,"3":0,"4":0,"5":0,"6":1,"7":1,"8":1,"9":0,"10":0,"11":0,"12":0},"f":{"0":1,"1":0,"2":0,"3":1,"4":0,"5":0},"b":{}}
}
