TN:
SF:src\config.ts
FN:17,(anonymous_0)
FN:24,(anonymous_1)
FN:27,(anonymous_2)
FN:37,buildNodeConfig
FN:43,(anonymous_4)
FNF:5
FNH:3
FNDA:1,(anonymous_0)
FNDA:0,(anonymous_1)
FNDA:0,(anonymous_2)
FNDA:1,buildNodeConfig
FNDA:36,(anonymous_4)
DA:11,1
DA:12,1
DA:13,1
DA:18,1
DA:25,0
DA:28,0
DA:29,0
DA:35,1
DA:39,1
DA:44,36
DA:45,0
LF:11
LH:7
BRDA:13,0,0,1
BRDA:13,0,1,1
BRDA:44,1,0,0
BRF:3
BRH:2
end_of_record
TN:
SF:src\utils.ts
FN:3,(anonymous_0)
FNF:1
FNH:1
FNDA:1,(anonymous_0)
DA:3,1
DA:4,1
DA:5,1
DA:6,1
LF:4
LH:4
BRDA:3,0,0,1
BRDA:3,0,1,1
BRF:2
BRH:2
end_of_record
TN:
SF:src\repository\Agent.ts
FN:35,(anonymous_2)
FN:35,(anonymous_3)
FN:38,(anonymous_4)
FN:38,(anonymous_5)
FNF:4
FNH:4
FNDA:1,(anonymous_2)
FNDA:1,(anonymous_3)
FNDA:1,(anonymous_4)
FNDA:1,(anonymous_5)
DA:7,1
DA:11,1
DA:15,1
DA:19,1
DA:23,1
DA:27,1
DA:30,1
DA:33,1
DA:35,1
DA:36,1
DA:38,1
DA:40,1
LF:12
LH:12
BRF:0
BRH:0
end_of_record
TN:
SF:src\repository\Tool.ts
FN:25,(anonymous_2)
FN:25,(anonymous_3)
FNF:2
FNH:2
FNDA:1,(anonymous_2)
FNDA:1,(anonymous_3)
DA:7,1
DA:9,1
DA:12,1
DA:16,1
DA:19,1
DA:22,1
DA:25,1
DA:26,1
LF:8
LH:8
BRF:0
BRH:0
end_of_record
TN:
SF:src\repository\dbConfig.ts
FN:16,(anonymous_0)
FNF:1
FNH:1
FNDA:1,(anonymous_0)
DA:8,1
DA:9,1
DA:11,1
DA:12,1
DA:16,1
DA:19,1
DA:21,1
DA:23,1
DA:24,1
DA:25,1
DA:26,0
DA:27,0
DA:28,0
DA:30,0
DA:33,1
DA:42,0
LF:16
LH:11
BRDA:19,0,0,1
BRDA:23,1,0,1
BRDA:23,1,1,0
BRDA:24,2,0,1
BRDA:25,3,0,1
BRDA:27,4,0,0
BRDA:27,4,1,0
BRF:7
BRH:4
end_of_record
TN:
SF:src\routers\AgentRoute.ts
FN:9,(anonymous_0)
FN:24,(anonymous_1)
FN:31,(anonymous_2)
FN:41,(anonymous_3)
FN:50,(anonymous_4)
FN:62,(anonymous_5)
FNF:6
FNH:2
FNDA:1,(anonymous_0)
FNDA:0,(anonymous_1)
FNDA:0,(anonymous_2)
FNDA:1,(anonymous_3)
FNDA:0,(anonymous_4)
FNDA:0,(anonymous_5)
DA:10,1
DA:25,0
DA:28,0
DA:32,0
DA:33,0
DA:37,0
DA:42,1
DA:43,1
DA:47,1
DA:51,0
DA:52,0
DA:56,0
DA:86,0
LF:13
LH:4
BRF:0
BRH:0
end_of_record
